#
# A fatal error has been detected by the Java Runtime Environment:
#
#  EXCEPTION_ACCESS_VIOLATION (0xc0000005) at pc=0x00000000029fe7cc, pid=6348, tid=4400
#
# JRE version: Java(TM) SE Runtime Environment (8.0_40-b26) (build 1.8.0_40-b26)
# Java VM: Java HotSpot(TM) 64-Bit Server VM (25.40-b25 mixed mode windows-amd64 compressed oops)
# Problematic frame:
# J 2635 C2 com.googlecode.javacv.cpp.opencv_core$IplImage.flipCopyWithGamma(Ljava/nio/ByteBuffer;ILjava/nio/ByteBuffer;IZDZI)V (608 bytes) @ 0x00000000029fe7cc [0x00000000029fe560+0x26c]
#
# Failed to write core dump. Minidumps are not enabled by default on client versions of Windows
#
# If you would like to submit a bug report, please visit:
#   http://bugreport.java.com/bugreport/crash.jsp
#

---------------  T H R E A D  ---------------

Current thread (0x0000000057548000):  JavaThread "AWT-EventQueue-0" [_thread_in_Java, id=4400, stack(0x0000000058550000,0x0000000058650000)]

siginfo: ExceptionCode=0xc0000005, reading address 0x000000005d680050

Registers:
RAX=0x00000000148378b8, RBX=0x0000000000000000, RCX=0x00000000eb01cb00, RDX=0x00000000eb01cb00
RSP=0x000000005864c2a0, RBP=0x000000005d680050, RSI=0x000000001484f148, RDI=0x00000000eb01cb80
R8 =0x000000005d680050, R9 =0x0000000000240000, R10=0x0000000000000c00, R11=0x0000000000000000
R12=0x0000000000000000, R13=0x0000000000240000, R14=0x0000000000240000, R15=0x0000000057548000
RIP=0x00000000029fe7cc, EFLAGS=0x0000000000010203

Top of Stack: (sp=0x000000005864c2a0)
0x000000005864c2a0:   000000005494ca20 0000000000000000
0x000000005864c2b0:   0000000000000000 0024000000240000
0x000000005864c2c0:   0000000002787cc1 3ff0000000000000
0x000000005864c2d0:   0000000000000000 00000c00eb050f18
0x000000005864c2e0:   0000000000000c00 00000000eb01cb40
0x000000005864c2f0:   000000005864c2f0 0000000054949317
0x000000005864c300:   000000005864c3b0 0000000002787cc1
0x000000005864c310:   0000000000000000 0000000054949330
0x000000005864c320:   0000000002787cc1 0000000000000000
0x000000005864c330:   0000000000000000 3ff0000000000000
0x000000005864c340:   0000000000000000 0000000000000000
0x000000005864c350:   0000000000000c00 00000000eb01cb40
0x000000005864c360:   0000000000000c00 00000000eb01cb00
0x000000005864c370:   000000005864c370 000000005d05690b
0x000000005864c380:   000000005864c440 000000005d05b438
0x000000005864c390:   0000000000000000 000000005d056ba0 

Instructions: (pc=0x00000000029fe7cc)
0x00000000029fe7ac:   8b 71 1c 41 3b de 0f 8d 79 07 00 00 48 8b 69 10
0x00000000029fe7bc:   44 8b c3 41 ff c0 44 89 41 18 4c 63 db 4c 8b c5
0x00000000029fe7cc:   47 0f be 04 18 c5 7b 10 5c 24 28 c5 79 2e 1d 61
0x00000000029fe7dc:   fd ff ff 0f 8a 18 04 00 00 0f 85 12 04 00 00 81 


Register to memory mapping:

RAX=0x00000000148378b8 is pointing into metadata
RBX=0x0000000000000000 is an unknown value
RCX=0x00000000eb01cb00 is an oop
java.nio.DirectByteBuffer 
 - klass: 'java/nio/DirectByteBuffer'
RDX=0x00000000eb01cb00 is an oop
java.nio.DirectByteBuffer 
 - klass: 'java/nio/DirectByteBuffer'
RSP=0x000000005864c2a0 is pointing into the stack for thread: 0x0000000057548000
RBP=0x000000005d680050 is an unknown value
RSI=0x000000001484f148 is pointing into metadata
RDI=0x00000000eb01cb80 is an unknown value
R8 =0x000000005d680050 is an unknown value
R9 =0x0000000000240000 is an unknown value
R10=0x0000000000000c00 is an unknown value
R11=0x0000000000000000 is an unknown value
R12=0x0000000000000000 is an unknown value
R13=0x0000000000240000 is an unknown value
R14=0x0000000000240000 is an unknown value
R15=0x0000000057548000 is a thread


Stack: [0x0000000058550000,0x0000000058650000],  sp=0x000000005864c2a0,  free space=1008k
Native frames: (J=compiled Java code, j=interpreted, Vv=VM code, C=native code)
C  0x00000000029fe7cc


---------------  P R O C E S S  ---------------

Java Threads: ( => current thread )
  0x0000000057bb0800 JavaThread "Swing-Shell" daemon [_thread_blocked, id=5660, stack(0x000000005bef0000,0x000000005bff0000)]
  0x00000000020fe000 JavaThread "DestroyJavaVM" [_thread_blocked, id=5112, stack(0x00000000023b0000,0x00000000024b0000)]
  0x0000000058b4f800 JavaThread "TimerQueue" daemon [_thread_blocked, id=3940, stack(0x0000000058650000,0x0000000058750000)]
=>0x0000000057548000 JavaThread "AWT-EventQueue-0" [_thread_in_Java, id=4400, stack(0x0000000058550000,0x0000000058650000)]
  0x0000000056dda800 JavaThread "AWT-Windows" daemon [_thread_in_native, id=5508, stack(0x0000000056760000,0x0000000056860000)]
  0x0000000056ec6000 JavaThread "AWT-Shutdown" [_thread_blocked, id=6624, stack(0x0000000057ed0000,0x0000000057fd0000)]
  0x0000000057568800 JavaThread "Java2D Disposer" daemon [_thread_blocked, id=6176, stack(0x0000000057d60000,0x0000000057e60000)]
  0x0000000056bf2800 JavaThread "Service Thread" daemon [_thread_blocked, id=2284, stack(0x0000000057280000,0x0000000057380000)]
  0x0000000056bce800 JavaThread "C1 CompilerThread2" daemon [_thread_blocked, id=4092, stack(0x0000000057090000,0x0000000057190000)]
  0x000000005520b000 JavaThread "C2 CompilerThread1" daemon [_thread_blocked, id=4452, stack(0x0000000056a80000,0x0000000056b80000)]
  0x0000000055204000 JavaThread "C2 CompilerThread0" daemon [_thread_blocked, id=5948, stack(0x0000000056880000,0x0000000056980000)]
  0x0000000055203000 JavaThread "Attach Listener" daemon [_thread_blocked, id=3060, stack(0x0000000056640000,0x0000000056740000)]
  0x0000000055207800 JavaThread "Signal Dispatcher" daemon [_thread_blocked, id=2648, stack(0x00000000564a0000,0x00000000565a0000)]
  0x00000000551a6800 JavaThread "Finalizer" daemon [_thread_blocked, id=5752, stack(0x0000000056390000,0x0000000056490000)]
  0x000000005519f800 JavaThread "Reference Handler" daemon [_thread_blocked, id=5620, stack(0x00000000561d0000,0x00000000562d0000)]

Other Threads:
  0x000000005519a000 VMThread [stack: 0x0000000056020000,0x0000000056120000] [id=5212]
  0x0000000056c06800 WatcherThread [stack: 0x0000000057400000,0x0000000057500000] [id=5712]

VM state:not at safepoint (normal execution)

VM Mutex/Monitor currently owned by a thread: None

Heap:
 PSYoungGen      total 18944K, used 6182K [0x00000000eaf00000, 0x00000000ec400000, 0x0000000100000000)
  eden space 16384K, 22% used [0x00000000eaf00000,0x00000000eb290f28,0x00000000ebf00000)
  from space 2560K, 98% used [0x00000000ec180000,0x00000000ec3f89a8,0x00000000ec400000)
  to   space 2560K, 0% used [0x00000000ebf00000,0x00000000ebf00000,0x00000000ec180000)
 ParOldGen       total 44032K, used 18665K [0x00000000c0c00000, 0x00000000c3700000, 0x00000000eaf00000)
  object space 44032K, 42% used [0x00000000c0c00000,0x00000000c1e3a538,0x00000000c3700000)
 Metaspace       used 18378K, capacity 18574K, committed 18816K, reserved 1064960K
  class space    used 2343K, capacity 2408K, committed 2432K, reserved 1048576K

Card table byte_map: [0x0000000011b40000,0x0000000011d40000] byte_map_base: 0x000000001153a000

Marking Bits: (ParMarkBitMap*) 0x0000000064f54040
 Begin Bits: [0x0000000012670000, 0x0000000013640000)
 End Bits:   [0x0000000013640000, 0x0000000014610000)

Polling page: 0x0000000000330000

CodeCache: size=245760Kb used=8834Kb max_used=8834Kb free=236926Kb
 bounds [0x0000000002780000, 0x0000000003030000, 0x0000000011780000]
 total_blobs=3270 nmethods=2699 adapters=482
 compilation: enabled

Compilation events (10 events):
Event: 116.862 Thread 0x0000000056bce800 2948       3       sun.java2d.pipe.AlphaColorPipe::endSequence (1 bytes)
Event: 116.862 Thread 0x0000000056bce800 nmethod 2948 0x0000000003027c50 code [0x0000000003027da0, 0x0000000003027ef0]
Event: 117.593 Thread 0x0000000056bce800 2949       1       sun.awt.util.IdentityArrayList::size (5 bytes)
Event: 117.593 Thread 0x0000000056bce800 nmethod 2949 0x0000000003027f50 code [0x00000000030280a0, 0x00000000030281b0]
Event: 117.595 Thread 0x0000000056bce800 2950       3       javax.swing.JComponent::removeNotify (55 bytes)
Event: 117.596 Thread 0x0000000056bce800 nmethod 2950 0x0000000003028210 code [0x0000000003028440, 0x0000000003028e58]
Event: 117.596 Thread 0x0000000056bce800 2951       3       sun.awt.NullComponentPeer::dispose (1 bytes)
Event: 117.597 Thread 0x0000000056bce800 nmethod 2951 0x0000000003029290 code [0x00000000030293e0, 0x0000000003029530]
Event: 117.597 Thread 0x0000000056bce800 2952       3       sun.awt.NullComponentPeer::setVisible (1 bytes)
Event: 117.597 Thread 0x0000000056bce800 nmethod 2952 0x0000000003029590 code [0x00000000030296e0, 0x0000000003029830]

GC Heap History (8 events):
Event: 1.240 GC heap before
{Heap before GC invocations=1 (full 0):
 PSYoungGen      total 18944K, used 16384K [0x00000000eaf00000, 0x00000000ec400000, 0x0000000100000000)
  eden space 16384K, 100% used [0x00000000eaf00000,0x00000000ebf00000,0x00000000ebf00000)
  from space 2560K, 0% used [0x00000000ec180000,0x00000000ec180000,0x00000000ec400000)
  to   space 2560K, 0% used [0x00000000ebf00000,0x00000000ebf00000,0x00000000ec180000)
 ParOldGen       total 44032K, used 0K [0x00000000c0c00000, 0x00000000c3700000, 0x00000000eaf00000)
  object space 44032K, 0% used [0x00000000c0c00000,0x00000000c0c00000,0x00000000c3700000)
 Metaspace       used 8385K, capacity 8520K, committed 8832K, reserved 1056768K
  class space    used 1016K, capacity 1089K, committed 1152K, reserved 1048576K
Event: 1.248 GC heap after
Heap after GC invocations=1 (full 0):
 PSYoungGen      total 18944K, used 2529K [0x00000000eaf00000, 0x00000000ec400000, 0x0000000100000000)
  eden space 16384K, 0% used [0x00000000eaf00000,0x00000000eaf00000,0x00000000ebf00000)
  from space 2560K, 98% used [0x00000000ebf00000,0x00000000ec1787d0,0x00000000ec180000)
  to   space 2560K, 0% used [0x00000000ec180000,0x00000000ec180000,0x00000000ec400000)
 ParOldGen       total 44032K, used 970K [0x00000000c0c00000, 0x00000000c3700000, 0x00000000eaf00000)
  object space 44032K, 2% used [0x00000000c0c00000,0x00000000c0cf28e0,0x00000000c3700000)
 Metaspace       used 8385K, capacity 8520K, committed 8832K, reserved 1056768K
  class space    used 1016K, capacity 1089K, committed 1152K, reserved 1048576K
}
Event: 13.035 GC heap before
{Heap before GC invocations=2 (full 0):
 PSYoungGen      total 18944K, used 18913K [0x00000000eaf00000, 0x00000000ec400000, 0x0000000100000000)
  eden space 16384K, 100% used [0x00000000eaf00000,0x00000000ebf00000,0x00000000ebf00000)
  from space 2560K, 98% used [0x00000000ebf00000,0x00000000ec1787d0,0x00000000ec180000)
  to   space 2560K, 0% used [0x00000000ec180000,0x00000000ec180000,0x00000000ec400000)
 ParOldGen       total 44032K, used 970K [0x00000000c0c00000, 0x00000000c3700000, 0x00000000eaf00000)
  object space 44032K, 2% used [0x00000000c0c00000,0x00000000c0cf28e0,0x00000000c3700000)
 Metaspace       used 15923K, capacity 16142K, committed 16384K, reserved 1062912K
  class space    used 2132K, capacity 2216K, committed 2304K, reserved 1048576K
Event: 13.050 GC heap after
Heap after GC invocations=2 (full 0):
 PSYoungGen      total 18944K, used 2529K [0x00000000eaf00000, 0x00000000ec400000, 0x0000000100000000)
  eden space 16384K, 0% used [0x00000000eaf00000,0x00000000eaf00000,0x00000000ebf00000)
  from space 2560K, 98% used [0x00000000ec180000,0x00000000ec3f87b0,0x00000000ec400000)
  to   space 2560K, 0% used [0x00000000ebf00000,0x00000000ebf00000,0x00000000ec180000)
 ParOldGen       total 44032K, used 7545K [0x00000000c0c00000, 0x00000000c3700000, 0x00000000eaf00000)
  object space 44032K, 17% used [0x00000000c0c00000,0x00000000c135e4a8,0x00000000c3700000)
 Metaspace       used 15923K, capacity 16142K, committed 16384K, reserved 1062912K
  class space    used 2132K, capacity 2216K, committed 2304K, reserved 1048576K
}
Event: 47.315 GC heap before
{Heap before GC invocations=3 (full 0):
 PSYoungGen      total 18944K, used 18913K [0x00000000eaf00000, 0x00000000ec400000, 0x0000000100000000)
  eden space 16384K, 100% used [0x00000000eaf00000,0x00000000ebf00000,0x00000000ebf00000)
  from space 2560K, 98% used [0x00000000ec180000,0x00000000ec3f87b0,0x00000000ec400000)
  to   space 2560K, 0% used [0x00000000ebf00000,0x00000000ebf00000,0x00000000ec180000)
 ParOldGen       total 44032K, used 7545K [0x00000000c0c00000, 0x00000000c3700000, 0x00000000eaf00000)
  object space 44032K, 17% used [0x00000000c0c00000,0x00000000c135e4a8,0x00000000c3700000)
 Metaspace       used 18056K, capacity 18254K, committed 18560K, reserved 1064960K
  class space    used 2341K, capacity 2408K, committed 2432K, reserved 1048576K
Event: 47.324 GC heap after
Heap after GC invocations=3 (full 0):
 PSYoungGen      total 18944K, used 2530K [0x00000000eaf00000, 0x00000000ec400000, 0x0000000100000000)
  eden space 16384K, 0% used [0x00000000eaf00000,0x00000000eaf00000,0x00000000ebf00000)
  from space 2560K, 98% used [0x00000000ebf00000,0x00000000ec1789a8,0x00000000ec180000)
  to   space 2560K, 0% used [0x00000000ec180000,0x00000000ec180000,0x00000000ec400000)
 ParOldGen       total 44032K, used 11074K [0x00000000c0c00000, 0x00000000c3700000, 0x00000000eaf00000)
  object space 44032K, 25% used [0x00000000c0c00000,0x00000000c16d0aa8,0x00000000c3700000)
 Metaspace       used 18056K, capacity 18254K, committed 18560K, reserved 1064960K
  class space    used 2341K, capacity 2408K, committed 2432K, reserved 1048576K
}
Event: 110.697 GC heap before
{Heap before GC invocations=4 (full 0):
 PSYoungGen      total 18944K, used 18914K [0x00000000eaf00000, 0x00000000ec400000, 0x0000000100000000)
  eden space 16384K, 100% used [0x00000000eaf00000,0x00000000ebf00000,0x00000000ebf00000)
  from space 2560K, 98% used [0x00000000ebf00000,0x00000000ec1789a8,0x00000000ec180000)
  to   space 2560K, 0% used [0x00000000ec180000,0x00000000ec180000,0x00000000ec400000)
 ParOldGen       total 44032K, used 11074K [0x00000000c0c00000, 0x00000000c3700000, 0x00000000eaf00000)
  object space 44032K, 25% used [0x00000000c0c00000,0x00000000c16d0aa8,0x00000000c3700000)
 Metaspace       used 18366K, capacity 18574K, committed 18816K, reserved 1064960K
  class space    used 2343K, capacity 2408K, committed 2432K, reserved 1048576K
Event: 110.709 GC heap after
Heap after GC invocations=4 (full 0):
 PSYoungGen      total 18944K, used 2530K [0x00000000eaf00000, 0x00000000ec400000, 0x0000000100000000)
  eden space 16384K, 0% used [0x00000000eaf00000,0x00000000eaf00000,0x00000000ebf00000)
  from space 2560K, 98% used [0x00000000ec180000,0x00000000ec3f89a8,0x00000000ec400000)
  to   space 2560K, 0% used [0x00000000ebf00000,0x00000000ebf00000,0x00000000ec180000)
 ParOldGen       total 44032K, used 18665K [0x00000000c0c00000, 0x00000000c3700000, 0x00000000eaf00000)
  object space 44032K, 42% used [0x00000000c0c00000,0x00000000c1e3a538,0x00000000c3700000)
 Metaspace       used 18366K, capacity 18574K, committed 18816K, reserved 1064960K
  class space    used 2343K, capacity 2408K, committed 2432K, reserved 1048576K
}

Deoptimization events (10 events):
Event: 51.111 Thread 0x0000000057548000 Uncommon trap: reason=class_check action=maybe_recompile pc=0x0000000002e4b25c method=com.googlecode.javacv.cpp.opencv_core$IplImage.flipCopyWithGamma(Ljava/nio/ByteBuffer;ILjava/nio/ByteBuffer;IZDZI)V @ 492
Event: 51.111 Thread 0x0000000057548000 Uncommon trap: reason=class_check action=maybe_recompile pc=0x0000000002e4b25c method=com.googlecode.javacv.cpp.opencv_core$IplImage.flipCopyWithGamma(Ljava/nio/ByteBuffer;ILjava/nio/ByteBuffer;IZDZI)V @ 492
Event: 51.155 Thread 0x0000000057548000 Uncommon trap: reason=unstable_if action=reinterpret pc=0x0000000002f0b578 method=com.googlecode.javacv.cpp.opencv_core$IplImage.flipCopyWithGamma(Ljava/nio/ByteBuffer;ILjava/nio/ByteBuffer;IZDZI)V @ 50
Event: 61.858 Thread 0x0000000057548000 Uncommon trap: reason=predicate action=maybe_recompile pc=0x0000000002eeeec4 method=com.googlecode.javacv.cpp.opencv_core$IplImage.flipCopyWithGamma(Ljava/nio/ByteBuffer;ILjava/nio/ByteBuffer;IZDZI)V @ 491
Event: 73.278 Thread 0x0000000057548000 Uncommon trap: reason=unstable_if action=reinterpret pc=0x0000000002ef10c8 method=com.googlecode.javacv.cpp.opencv_core$CvMat.getByteBuffer()Ljava/nio/ByteBuffer; @ 4
Event: 73.281 Thread 0x0000000057548000 Uncommon trap: reason=unstable_if action=reinterpret pc=0x0000000002f07138 method=ContrastAndBrightness.contrastBrightness(Ljava/awt/image/BufferedImage;)Ljava/awt/image/BufferedImage; @ 118
Event: 73.284 Thread 0x0000000057548000 Uncommon trap: reason=unstable_if action=reinterpret pc=0x0000000002f0418c method=ContrastAndBrightness.contrastBrightness(Ljava/awt/image/BufferedImage;)Ljava/awt/image/BufferedImage; @ 118
Event: 74.053 Thread 0x0000000057548000 Uncommon trap: reason=unstable_if action=reinterpret pc=0x0000000002fa58e8 method=ContrastAndBrightness.contrastBrightness(Ljava/awt/image/BufferedImage;)Ljava/awt/image/BufferedImage; @ 183
Event: 83.505 Thread 0x0000000057548000 Uncommon trap: reason=speculate_class_check action=maybe_recompile pc=0x00000000029febbc method=com.googlecode.javacv.cpp.opencv_core$IplImage.flipCopyWithGamma(Ljava/nio/ByteBuffer;ILjava/nio/ByteBuffer;IZDZI)V @ 492
Event: 118.094 Thread 0x0000000057548000 Uncommon trap: reason=unstable_if action=reinterpret pc=0x0000000002f9e014 method=ContrastAndBrightness.contrastBrightness(Ljava/awt/image/BufferedImage;)Ljava/awt/image/BufferedImage; @ 183

Internal exceptions (10 events):
Event: 6.302 Thread 0x00000000020fe000 Exception <a 'java/lang/ClassNotFoundException': RootPane> (0x00000000eafe5cb0) thrown at [D:\re\workspace\8-2-build-windows-amd64-cygwin\jdk8u40\3098\hotspot\src\share\vm\classfile\systemDictionary.cpp, line 210]
Event: 6.487 Thread 0x00000000020fe000 Exception <a 'java/security/PrivilegedActionException'> (0x00000000eb254c10) thrown at [D:\re\workspace\8-2-build-windows-amd64-cygwin\jdk8u40\3098\hotspot\src\share\vm\prims\jvm.cpp, line 1382]
Event: 6.487 Thread 0x00000000020fe000 Exception <a 'java/security/PrivilegedActionException'> (0x00000000eb254f58) thrown at [D:\re\workspace\8-2-build-windows-amd64-cygwin\jdk8u40\3098\hotspot\src\share\vm\prims\jvm.cpp, line 1382]
Event: 6.488 Thread 0x00000000020fe000 Exception <a 'java/security/PrivilegedActionException'> (0x00000000eb2594a0) thrown at [D:\re\workspace\8-2-build-windows-amd64-cygwin\jdk8u40\3098\hotspot\src\share\vm\prims\jvm.cpp, line 1382]
Event: 6.489 Thread 0x00000000020fe000 Exception <a 'java/security/PrivilegedActionException'> (0x00000000eb2597e8) thrown at [D:\re\workspace\8-2-build-windows-amd64-cygwin\jdk8u40\3098\hotspot\src\share\vm\prims\jvm.cpp, line 1382]
Event: 6.492 Thread 0x00000000020fe000 Exception <a 'java/security/PrivilegedActionException'> (0x00000000eb25f3b0) thrown at [D:\re\workspace\8-2-build-windows-amd64-cygwin\jdk8u40\3098\hotspot\src\share\vm\prims\jvm.cpp, line 1382]
Event: 6.492 Thread 0x00000000020fe000 Exception <a 'java/security/PrivilegedActionException'> (0x00000000eb25f6f8) thrown at [D:\re\workspace\8-2-build-windows-amd64-cygwin\jdk8u40\3098\hotspot\src\share\vm\prims\jvm.cpp, line 1382]
Event: 20.642 Thread 0x0000000057548000 Implicit null exception at 0x0000000002d77c2f to 0x0000000002d7b2ed
Event: 21.772 Thread 0x0000000057548000 Implicit null exception at 0x00000000029ec0ca to 0x00000000029ec151
Event: 73.278 Thread 0x0000000057548000 Implicit null exception at 0x0000000002ef0f18 to 0x0000000002ef10b1

Events (10 events):
Event: 83.553 Thread 0x0000000057548000 DEOPT UNPACKING pc=0x00000000027c787f sp=0x0000000058647888 mode 0
Event: 106.111 Executing VM operation: RevokeBias
Event: 106.111 Executing VM operation: RevokeBias done
Event: 106.112 Executing VM operation: RevokeBias
Event: 106.112 Executing VM operation: RevokeBias done
Event: 110.697 Executing VM operation: ParallelGCFailedAllocation
Event: 110.709 Executing VM operation: ParallelGCFailedAllocation done
Event: 118.094 Thread 0x0000000057548000 Uncommon trap: trap_request=0xffffff65 fr.pc=0x0000000002f9e014
Event: 118.094 Thread 0x0000000057548000 DEOPT PACKING pc=0x0000000002f9e014 sp=0x000000005864c6f0
Event: 118.094 Thread 0x0000000057548000 DEOPT UNPACKING pc=0x00000000027c582a sp=0x000000005864c660 mode 2


Dynamic libraries:
0x000000013f170000 - 0x000000013f1a7000 	C:\Program Files\Java\jre1.8.0_40\bin\javaw.exe
0x00000000778c0000 - 0x0000000077a69000 	C:\Windows\SYSTEM32\ntdll.dll
0x00000000776a0000 - 0x00000000777bf000 	C:\Windows\system32\kernel32.dll
0x000007fefd960000 - 0x000007fefd9cb000 	C:\Windows\system32\KERNELBASE.dll
0x000007fefe410000 - 0x000007fefe4eb000 	C:\Windows\system32\ADVAPI32.dll
0x000007fefe5e0000 - 0x000007fefe67f000 	C:\Windows\system32\msvcrt.dll
0x000007fefeaf0000 - 0x000007fefeb0f000 	C:\Windows\SYSTEM32\sechost.dll
0x000007fefe9c0000 - 0x000007fefeaed000 	C:\Windows\system32\RPCRT4.dll
0x00000000777c0000 - 0x00000000778ba000 	C:\Windows\system32\USER32.dll
0x000007fefe770000 - 0x000007fefe7d7000 	C:\Windows\system32\GDI32.dll
0x000007fefdde0000 - 0x000007fefddee000 	C:\Windows\system32\LPK.dll
0x000007fefe680000 - 0x000007fefe749000 	C:\Windows\system32\USP10.dll
0x000007fefc940000 - 0x000007fefcb34000 	C:\Windows\WinSxS\amd64_microsoft.windows.common-controls_6595b64144ccf1df_6.0.7601.17514_none_fa396087175ac9ac\COMCTL32.dll
0x000007fefdbe0000 - 0x000007fefdc51000 	C:\Windows\system32\SHLWAPI.dll
0x000007fefeb10000 - 0x000007fefeb3e000 	C:\Windows\system32\IMM32.DLL
0x000007fefe300000 - 0x000007fefe409000 	C:\Windows\system32\MSCTF.dll
0x00000000604f0000 - 0x00000000605c2000 	C:\Program Files\Java\jre1.8.0_40\bin\msvcr100.dll
0x0000000064750000 - 0x0000000064fd3000 	C:\Program Files\Java\jre1.8.0_40\bin\server\jvm.dll
0x000007fef2620000 - 0x000007fef2629000 	C:\Windows\system32\WSOCK32.dll
0x000007fefdd90000 - 0x000007fefdddd000 	C:\Windows\system32\WS2_32.dll
0x000007fefe5d0000 - 0x000007fefe5d8000 	C:\Windows\system32\NSI.dll
0x000007fefb1d0000 - 0x000007fefb20b000 	C:\Windows\system32\WINMM.dll
0x000007fefc4c0000 - 0x000007fefc4cc000 	C:\Windows\system32\VERSION.dll
0x0000000077a80000 - 0x0000000077a87000 	C:\Windows\system32\PSAPI.DLL
0x000000006b770000 - 0x000000006b77f000 	C:\Program Files\Java\jre1.8.0_40\bin\verify.dll
0x000000006b740000 - 0x000000006b769000 	C:\Program Files\Java\jre1.8.0_40\bin\java.dll
0x000000006b720000 - 0x000000006b736000 	C:\Program Files\Java\jre1.8.0_40\bin\zip.dll
0x000007fefee40000 - 0x000007feffbc8000 	C:\Windows\system32\SHELL32.dll
0x000007fefddf0000 - 0x000007fefdff3000 	C:\Windows\system32\ole32.dll
0x000007fefd810000 - 0x000007fefd81f000 	C:\Windows\system32\profapi.dll
0x0000000060350000 - 0x00000000604e8000 	C:\Program Files\Java\jre1.8.0_40\bin\awt.dll
0x000007fefe4f0000 - 0x000007fefe5c7000 	C:\Windows\system32\OLEAUT32.dll
0x000007fefbab0000 - 0x000007fefbac8000 	C:\Windows\system32\DWMAPI.DLL
0x000007fefbee0000 - 0x000007fefbf36000 	C:\Windows\system32\uxtheme.dll
0x000007fefd740000 - 0x000007fefd74f000 	C:\Windows\system32\CRYPTBASE.dll
0x00000000622f0000 - 0x0000000062337000 	C:\Program Files\Java\jre1.8.0_40\bin\fontmanager.dll
0x0000000002200000 - 0x0000000002265000 	C:\Program Files\WIDCOMM\Bluetooth Software\btmmhook.dll
0x000000006b700000 - 0x000000006b71a000 	C:\Program Files\Java\jre1.8.0_40\bin\net.dll
0x000007fefd080000 - 0x000007fefd0d5000 	C:\Windows\system32\mswsock.dll
0x000007fefd070000 - 0x000007fefd077000 	C:\Windows\System32\wship6.dll
0x000000006b490000 - 0x000000006b4a1000 	C:\Program Files\Java\jre1.8.0_40\bin\nio.dll
0x0000000060660000 - 0x00000000606a1000 	C:\Program Files\Java\jre1.8.0_40\bin\t2k.dll
0x0000000060630000 - 0x000000006065a000 	C:\Program Files\Java\jre1.8.0_40\bin\dcpr.dll
0x000007fef79c0000 - 0x000007fef7a60000 	C:\Windows\WinSxS\amd64_microsoft.windows.common-controls_6595b64144ccf1df_5.82.7601.17514_none_a4d6a923711520a9\comctl32.dll
0x000007fefe080000 - 0x000007fefe119000 	C:\Windows\system32\CLBCatQ.DLL
0x000007fefbf40000 - 0x000007fefc06c000 	C:\Windows\system32\propsys.dll
0x000007fefc3b0000 - 0x000007fefc3dd000 	C:\Windows\system32\ntmarta.dll
0x000007fefe2a0000 - 0x000007fefe2f2000 	C:\Windows\system32\WLDAP32.dll
0x000007fefe7e0000 - 0x000007fefe9b7000 	C:\Windows\system32\SETUPAPI.dll
0x000007fefd9d0000 - 0x000007fefda06000 	C:\Windows\system32\CFGMGR32.dll
0x000007fefda50000 - 0x000007fefda6a000 	C:\Windows\system32\DEVOBJ.dll
0x000007fefd6e0000 - 0x000007fefd737000 	C:\Windows\system32\apphelp.dll
0x000007fef6500000 - 0x000007fef669c000 	C:\Windows\system32\NetworkExplorer.dll
0x000007fef6df0000 - 0x000007fef6e24000 	C:\Windows\System32\shdocvw.dll
0x000007fefa370000 - 0x000007fefa37b000 	C:\Windows\system32\slc.dll
0x000007fef79a0000 - 0x000007fef79b8000 	C:\Windows\system32\MPR.dll
0x000007fee80c0000 - 0x000007fee80ca000 	C:\Windows\System32\drprov.dll
0x000007fefc900000 - 0x000007fefc93d000 	C:\Windows\System32\WINSTA.dll
0x000007fee7e30000 - 0x000007fee7e52000 	C:\Windows\System32\ntlanman.dll
0x000007fee7e10000 - 0x000007fee7e2c000 	C:\Windows\System32\davclnt.dll
0x000007fee7eb0000 - 0x000007fee7eba000 	C:\Windows\System32\DAVHLPR.dll
0x000007fefb790000 - 0x000007fefb7a5000 	C:\Windows\system32\wkscli.dll
0x000007fef6030000 - 0x000007fef603f000 	C:\Windows\system32\cscapi.dll
0x000007fefb7b0000 - 0x000007fefb7bc000 	C:\Windows\system32\netutils.dll
0x000007fed9de0000 - 0x000007feda051000 	C:\Windows\system32\wpdshext.dll
0x000007fefbcc0000 - 0x000007fefbed5000 	C:\Windows\WinSxS\amd64_microsoft.windows.gdiplus_6595b64144ccf1df_1.1.7601.17514_none_2b24536c71ed437a\gdiplus.dll
0x000007fef2ed0000 - 0x000007fef2f8d000 	C:\Windows\system32\PortableDeviceApi.dll
0x000007fefda10000 - 0x000007fefda4a000 	C:\Windows\system32\WINTRUST.dll
0x000007fefda70000 - 0x000007fefdbd7000 	C:\Windows\system32\CRYPT32.dll
0x000007fefd8b0000 - 0x000007fefd8bf000 	C:\Windows\system32\MSASN1.dll
0x000007fef4f10000 - 0x000007fef4f45000 	C:\Windows\system32\EhStorShell.dll
0x000007fee8f80000 - 0x000007fee8fa7000 	C:\Windows\system32\EhStorAPI.dll
0x000007fef6de0000 - 0x000007fef6dec000 	C:\Windows\system32\LINKINFO.dll
0x000007fefb940000 - 0x000007fefba6a000 	C:\Windows\system32\WindowsCodecs.dll
0x000007fef5d80000 - 0x000007fef5fbb000 	C:\PROGRA~1\MICROS~2\Office15\GROOVEEX.DLL
0x0000000072910000 - 0x00000000729a8000 	C:\Windows\system32\MSVCP100.dll
0x00000000728e0000 - 0x000000007290b000 	C:\Windows\system32\ATL100.DLL
0x000007fef5a60000 - 0x000007fef5d76000 	C:\Windows\system32\msi.dll
0x000007fef4f50000 - 0x000007fef5589000 	C:\PROGRA~1\MICROS~2\Office15\1033\GrooveIntlResource.dll
0x000007fef1320000 - 0x000007fef13f7000 	C:\Windows\system32\SearchFolder.dll
0x000007fefba70000 - 0x000007fefbaa5000 	C:\Windows\system32\XmlLite.dll
0x000007fef4e50000 - 0x000007fef4f10000 	C:\Program Files (x86)\Google\Drive\googledrivesync64.dll
0x0000000072800000 - 0x00000000728d3000 	C:\Program Files (x86)\Google\Drive\Microsoft.VC90.CRT\MSVCP90.dll
0x0000000072750000 - 0x00000000727f3000 	C:\Program Files (x86)\Google\Drive\Microsoft.VC90.CRT\MSVCR90.dll
0x000007fefd0e0000 - 0x000007fefd0f7000 	C:\Windows\system32\CRYPTSP.dll
0x000007fef4e40000 - 0x000007fef4e49000 	C:\Program Files (x86)\Internet Download Manager\IDMShellExt64.dll
0x000007fef4d80000 - 0x000007fef4dfe000 	C:\Windows\System32\cscui.dll
0x000007fef4d70000 - 0x000007fef4d7c000 	C:\Windows\System32\CSCDLL.dll
0x000007fefcde0000 - 0x000007fefce27000 	C:\Windows\system32\rsaenh.dll
0x000007fefd7f0000 - 0x000007fefd804000 	C:\Windows\system32\RpcRtRemote.dll
0x000007fef4cf0000 - 0x000007fef4d70000 	C:\Windows\system32\ntshrui.dll
0x000007fefd440000 - 0x000007fefd463000 	C:\Windows\system32\srvcli.dll
0x000007fef63e0000 - 0x000007fef645b000 	C:\Windows\System32\StructuredQuery.dll
0x000007fefd4f0000 - 0x000007fefd4fb000 	C:\Windows\System32\Secur32.dll
0x000007fefd6b0000 - 0x000007fefd6d5000 	C:\Windows\System32\SSPICLI.DLL
0x0000000061e40000 - 0x0000000061e71000 	C:\Program Files\Java\jre1.8.0_40\bin\jpeg.dll
0x0000000060270000 - 0x0000000060341000 	C:\Users\Sinner\AppData\Local\Temp\javacpp2151769693212\msvcr100.dll
0x00000000601d0000 - 0x0000000060268000 	C:\Users\Sinner\AppData\Local\Temp\javacpp2151769693212\msvcp100.dll
0x000007fee3300000 - 0x000007fee3572000 	C:\Users\Sinner\AppData\Local\Temp\javacpp2151769693212\opencv_core248.dll
0x000007fee78e0000 - 0x000007fee797a000 	C:\Users\Sinner\AppData\Local\Temp\javacpp2151769693212\jniopencv_core.dll
0x000007fee53a0000 - 0x000007fee54c5000 	C:\Windows\system32\dbghelp.dll

VM Arguments:
jvm_args: -Djava.library.path=E:\Java Project\opencv\opencv\build\java\x64 -Dfile.encoding=Cp1252 
java_command: SplashScreen
java_class_path (initial): C:\Users\Sinner\Documents\workspace\ImageEnhancementAndEditingTool\bin;E:\Java Project\opencv\opencv\build\java\opencv-249.jar;E:\Java Project\javacv\javacv-bin\javacpp.jar;E:\Java Project\javacv\javacv-bin\javacv.jar;E:\Java Project\javacv\javacv-bin\javacv-windows-x86.jar;E:\Java Project\javacv\javacv-bin\javacv-windows-x86_64.jar;E:\Java Project\javacv\javacv-cppjars\ffmpeg-2.1.1-windows-x86.jar;E:\Java Project\javacv\javacv-cppjars\ffmpeg-2.1.1-windows-x86_64.jar;E:\Java Project\javacv\javacv-cppjars\opencv-2.4.8-windows-x86.jar;E:\Java Project\javacv\javacv-cppjars\opencv-2.4.8-windows-x86_64.jar
Launcher Type: SUN_STANDARD

Environment Variables:
PATH=C:/Program Files/Java/jre1.8.0_40/bin/server;C:/Program Files/Java/jre1.8.0_40/bin;C:/Program Files/Java/jre1.8.0_40/lib/amd64;C:\ProgramData\Oracle\Java\javapath;C:\oraclexe\app\oracle\product\10.2.0\server\bin;c:\Program Files (x86)\AMD APP\bin\x86_64;c:\Program Files (x86)\AMD APP\bin\x86;C:\Program Files\Broadcom\Broadcom 802.11\Driver;C:\Windows\system32;C:\Windows;C:\Windows\System32\Wbem;C:\Windows\System32\WindowsPowerShell\v1.0\;c:\Program Files\WIDCOMM\Bluetooth Software\;c:\Program Files\WIDCOMM\Bluetooth Software\syswow64;C:\Program Files\Broadcom\WHL\;C:\Program Files\Broadcom\WHL\syswow64;C:\Program Files\Broadcom\WHL\SysWow64\;C:\Program Files\Broadcom\WHL\SysWow64\syswow64;c:\Program Files (x86)\ATI Technologies\ATI.ACE\Core-Static;C:\Program Files\OpenVPN\bin;E:\Java Project\opencv\opencv\build\x64;E:\Java Project\opencv\opencv\build\x86;C:\Program Files\Java\jdk1.8.0_40\bin;;C:\eclipse;
USERNAME=Sinner
OS=Windows_NT
PROCESSOR_IDENTIFIER=Intel64 Family 6 Model 42 Stepping 7, GenuineIntel



---------------  S Y S T E M  ---------------

OS: Windows 7 , 64 bit Build 7601 (6.1.7601.17514)

CPU:total 4 (2 cores per cpu, 2 threads per core) family 6 model 42 stepping 7, cmov, cx8, fxsr, mmx, sse, sse2, sse3, ssse3, sse4.1, sse4.2, popcnt, avx, clmul, ht, tsc, tscinvbit

Memory: 4k page, physical 4140908k(1812784k free), swap 8279972k(4019380k free)

vm_info: Java HotSpot(TM) 64-Bit Server VM (25.40-b25) for windows-amd64 JRE (1.8.0_40-b26), built on Mar  7 2015 13:51:59 by "java_re" with MS VC++ 10.0 (VS2010)

time: Sat May 30 10:26:30 2015
elapsed time: 118 seconds (0d 0h 1m 58s)

